#
# A fatal error has been detected by the Java Runtime Environment:
#
#  EXCEPTION_ACCESS_VIOLATION (0xc0000005) at pc=0x00000218769c1066, pid=29596, tid=0x0000000000002ac0
#
# JRE version: OpenJDK Runtime Environment (8.0_265-b01) (build 1.8.0_265-b01)
# Java VM: OpenJDK 64-Bit Server VM (25.265-b01 mixed mode windows-amd64 compressed oops)
# Problematic frame:
# C  [OpenAL64.dll+0x11066]
#
# Failed to write core dump. Minidumps are not enabled by default on client versions of Windows
#
# If you would like to submit a bug report, please visit:
#   http://bugreport.java.com/bugreport/crash.jsp
# The crash happened outside the Java Virtual Machine in native code.
# See problematic frame for where to report the bug.
#

---------------  T H R E A D  ---------------

Current thread (0x000002185bda0800):  JavaThread "main" [_thread_in_native, id=10944, stack(0x000000b840600000,0x000000b840700000)]

siginfo: ExceptionCode=0xc0000005, reading address 0x0000021875b77004

Registers:
RAX=0x000000008988e221, RBX=0x0000021877df0090, RCX=0x0000021875b77008, RDX=0x0000021875b77004
RSP=0x000000b8406fcf70, RBP=0x00000000000000ff, RSI=0x0000021875b6b21c, RDI=0x0000000000000000
R8 =0x0000000000002f7a, R9 =0x0000021875b6b21c, R10=0x000002185d609c62, R11=0x00000000704eea10
R12=0x0000000000000001, R13=0x0000021877a8aee8, R14=0x000000b8406fd110, R15=0x000002185bda0800
RIP=0x00000218769c1066, EFLAGS=0x0000000000010202

Top of Stack: (sp=0x000000b8406fcf70)
0x000000b8406fcf70:   0000000000000000 0000000000000000
0x000000b8406fcf80:   0000000000000000 000002185bda0800
0x000000b8406fcf90:   000000b8406fd110 0000021877a8aee8
0x000000b8406fcfa0:   000002185bda0800 000002185bd8bbf0
0x000000b8406fcfb0:   0000021877a8aee8 0000000000000000
0x000000b8406fcfc0:   000002185bd660d0 00000000703895a5
0x000000b8406fcfd0:   000000b8406fd8a0 000002185bda0e00
0x000000b8406fcfe0:   000002185bda0800 000000b8406fd110
0x000000b8406fcff0:   0000021877a8aee8 0000000000000000
0x000000b8406fd000:   0000021875b6b21c 0000000000000248
0x000000b8406fd010:   000000b8406fd0d8 00000218769c248f
0x000000b8406fd020:   0000021877df0090 0000021877df0090
0x000000b8406fd030:   000000000000ac44 000002188988e221
0x000000b8406fd040:   000002185d5f7bd0 000002185d609c8e
0x000000b8406fd050:   0000021877a8aee8 000000b8406fd058
0x000000b8406fd060:   000002185d5f7bd0 000002185d60999b 

Instructions: (pc=0x00000218769c1066)
0x00000218769c1046:   41 2b ec 81 3a 03 00 02 00 75 09 8b 01 89 84 24
0x00000218769c1056:   c8 00 00 00 49 83 c0 02 48 83 c1 08 4a 8d 14 86
0x00000218769c1066:   39 3a 75 af 4c 8d 84 24 c0 00 00 00 48 8d 15 d7
0x00000218769c1076:   2b 03 00 33 c9 e8 58 5f 00 00 b8 40 1f 00 00 4c 


Register to memory mapping:

RAX=0x000000008988e221 is an unallocated location in the heap
RBX=0x0000021877df0090 is an unknown value
RCX=0x0000021875b77008 is an unknown value
RDX=0x0000021875b77004 is an unknown value
RSP=0x000000b8406fcf70 is pointing into the stack for thread: 0x000002185bda0800
RBP=0x00000000000000ff is an unknown value
RSI=0x0000021875b6b21c is an unknown value
RDI=0x0000000000000000 is an unknown value
R8 =0x0000000000002f7a is an unknown value
R9 =0x0000021875b6b21c is an unknown value
R10=0x000002185d609c62 is at code_begin+962 in an Interpreter codelet
method entry point (kind = native)  [0x000002185d6098a0, 0x000002185d60a340]  2720 bytes
R11=0x00000000704eea10 is an unknown value
R12=0x0000000000000001 is an unknown value
R13={method} {0x0000021877a8aef0} 'nalcCreateContext' '(JJ)J' in 'org/lwjgl/openal/ALC10'
R14=0x000000b8406fd110 is pointing into the stack for thread: 0x000002185bda0800
R15=0x000002185bda0800 is a thread


Stack: [0x000000b840600000,0x000000b840700000],  sp=0x000000b8406fcf70,  free space=1011k
Native frames: (J=compiled Java code, j=interpreted, Vv=VM code, C=native code)
C  [OpenAL64.dll+0x11066]
C  [OpenAL64.dll+0x1248f]
C  0x000002185d609c8e

Java frames: (J=compiled Java code, j=interpreted, Vv=VM code)
j  org.lwjgl.openal.ALC10.nalcCreateContext(JJ)J+0
j  org.lwjgl.openal.ALC10.alcCreateContext(Lorg/lwjgl/openal/ALCdevice;Ljava/nio/IntBuffer;)Lorg/lwjgl/openal/ALCcontext;+8
j  org.lwjgl.openal.AL.init(Ljava/lang/String;IIZZ)V+69
j  org.lwjgl.openal.AL.create(Ljava/lang/String;IIZZ)V+246
j  org.lwjgl.openal.AL.create(Ljava/lang/String;IIZ)V+5
j  org.lwjgl.openal.AL.create()V+6
j  com.badlogic.gdx.backends.lwjgl.audio.OpenALAudio.<init>(III)V+114
j  com.badlogic.gdx.backends.lwjgl.LwjglApplication.<init>(Lcom/badlogic/gdx/ApplicationListener;Lcom/badlogic/gdx/backends/lwjgl/LwjglApplicationConfiguration;Lcom/badlogic/gdx/backends/lwjgl/LwjglGraphics;)V+120
j  com.badlogic.gdx.backends.lwjgl.LwjglApplication.<init>(Lcom/badlogic/gdx/ApplicationListener;Lcom/badlogic/gdx/backends/lwjgl/LwjglApplicationConfiguration;)V+11
j  org.uqbar.project.wollok.game.gameboard.WollokGDXApplication.<init>(Lorg/uqbar/project/wollok/game/gameboard/Gameboard;Ljava/lang/Boolean;)V+17
j  org.uqbar.project.wollok.game.helpers.Application.start(Lorg/uqbar/project/wollok/game/gameboard/Gameboard;Ljava/lang/Boolean;)V+5
j  org.uqbar.project.wollok.game.gameboard.Gameboard.start(Ljava/lang/Boolean;)V+13
j  wollok.game.GameObject.doStart(Ljava/lang/Boolean;)V+12
v  ~StubRoutines::call_stub
j  sun.reflect.NativeMethodAccessorImpl.invoke0(Ljava/lang/reflect/Method;Ljava/lang/Object;[Ljava/lang/Object;)Ljava/lang/Object;+0
j  sun.reflect.NativeMethodAccessorImpl.invoke(Ljava/lang/Object;[Ljava/lang/Object;)Ljava/lang/Object;+100
J 2625 C1 sun.reflect.DelegatingMethodAccessorImpl.invoke(Ljava/lang/Object;[Ljava/lang/Object;)Ljava/lang/Object; (10 bytes) @ 0x000002185deb1dc4 [0x000002185deb1cc0+0x104]
J 2624 C1 java.lang.reflect.Method.invoke(Ljava/lang/Object;[Ljava/lang/Object;)Ljava/lang/Object; (62 bytes) @ 0x000002185deafeec [0x000002185deafb00+0x3ec]
j  org.uqbar.project.wollok.ui.utils.XTendUtilExtensions.invokeConvertingArgs(Ljava/lang/reflect/Method;Ljava/lang/Object;[Ljava/lang/Object;)Lorg/uqbar/project/wollok/interpreter/core/WollokObject;+261
j  org.uqbar.project.wollok.interpreter.AbstractWollokCallable._invokeNative(Ljava/lang/Object;Ljava/lang/String;[Lorg/uqbar/project/wollok/interpreter/core/WollokObject;)Lorg/uqbar/project/wollok/interpreter/core/WollokObject;+41
j  org.uqbar.project.wollok.interpreter.AbstractWollokCallable.invokeNative(Ljava/lang/Object;Ljava/lang/String;[Lorg/uqbar/project/wollok/interpreter/core/WollokObject;)Lorg/uqbar/project/wollok/interpreter/core/WollokObject;+26
j  org.uqbar.project.wollok.interpreter.AbstractWollokCallable$1.apply()Lorg/uqbar/project/wollok/interpreter/core/WollokObject;+55
j  org.uqbar.project.wollok.interpreter.AbstractWollokCallable$1.apply()Ljava/lang/Object;+1
j  org.uqbar.project.wollok.interpreter.threads.WThread.performOnStack(Lorg/eclipse/emf/ecore/EObject;Lorg/uqbar/project/wollok/interpreter/context/EvaluationContext;Lorg/eclipse/xtext/xbase/lib/Functions$Function0;)Lorg/uqbar/project/wollok/interpreter/core/WollokObject;+29
j  org.uqbar.project.wollok.interpreter.WollokInterpreter.performOnStack(Lorg/eclipse/emf/ecore/EObject;Lorg/uqbar/project/wollok/interpreter/context/EvaluationContext;Lorg/eclipse/xtext/xbase/lib/Functions$Function0;)Lorg/uqbar/project/wollok/interpreter/core/WollokObject;+7
j  org.uqbar.project.wollok.interpreter.AbstractWollokCallable.call(Lorg/uqbar/project/wollok/wollokDsl/WMethodDeclaration;[Lorg/uqbar/project/wollok/interpreter/core/WollokObject;)Lorg/uqbar/project/wollok/interpreter/core/WollokObject;+38
j  org.uqbar.project.wollok.interpreter.core.WollokObject.call(Ljava/lang/String;[Lorg/uqbar/project/wollok/interpreter/core/WollokObject;)Lorg/uqbar/project/wollok/interpreter/core/WollokObject;+55
j  org.uqbar.project.wollok.interpreter.WollokInterpreterEvaluator._evaluate(Lorg/uqbar/project/wollok/wollokDsl/WFeatureCall;)Lorg/uqbar/project/wollok/interpreter/core/WollokObject;+119
j  org.uqbar.project.wollok.launch.WollokLauncherInterpreterEvaluator.evaluate(Lorg/eclipse/emf/ecore/EObject;)Lorg/uqbar/project/wollok/interpreter/core/WollokObject;+412
j  org.uqbar.project.wollok.interpreter.WollokInterpreterEvaluator.evaluate(Lorg/eclipse/emf/ecore/EObject;)Ljava/lang/Object;+2
j  org.uqbar.project.wollok.interpreter.WollokInterpreter.eval(Lorg/eclipse/emf/ecore/EObject;)Lorg/uqbar/project/wollok/interpreter/core/WollokObject;+63
j  org.uqbar.project.wollok.interpreter.WollokInterpreterEvaluator.eval(Lorg/eclipse/emf/ecore/EObject;)Lorg/uqbar/project/wollok/interpreter/core/WollokObject;+5
j  org.uqbar.project.wollok.interpreter.WollokInterpreterEvaluator$1.apply(Lorg/uqbar/project/wollok/interpreter/core/WollokObject;Lorg/eclipse/emf/ecore/EObject;)Lorg/uqbar/project/wollok/interpreter/core/WollokObject;+5
j  org.uqbar.project.wollok.interpreter.WollokInterpreterEvaluator$1.apply(Ljava/lang/Object;Ljava/lang/Object;)Ljava/lang/Object;+9
j  org.eclipse.xtext.xbase.lib.IteratorExtensions.fold(Ljava/util/Iterator;Ljava/lang/Object;Lorg/eclipse/xtext/xbase/lib/Functions$Function2;)Ljava/lang/Object;+19
j  org.eclipse.xtext.xbase.lib.IterableExtensions.fold(Ljava/lang/Iterable;Ljava/lang/Object;Lorg/eclipse/xtext/xbase/lib/Functions$Function2;)Ljava/lang/Object;+8
j  org.uqbar.project.wollok.interpreter.WollokInterpreterEvaluator.evalAll(Ljava/lang/Iterable;)Lorg/uqbar/project/wollok/interpreter/core/WollokObject;+12
j  org.uqbar.project.wollok.interpreter.WollokInterpreterEvaluator._evaluate(Lorg/uqbar/project/wollok/wollokDsl/WBlockExpression;)Lorg/uqbar/project/wollok/interpreter/core/WollokObject;+34
j  org.uqbar.project.wollok.launch.WollokLauncherInterpreterEvaluator.evaluate(Lorg/eclipse/emf/ecore/EObject;)Lorg/uqbar/project/wollok/interpreter/core/WollokObject;+76
j  org.uqbar.project.wollok.interpreter.WollokInterpreterEvaluator.evaluate(Lorg/eclipse/emf/ecore/EObject;)Ljava/lang/Object;+2
j  org.uqbar.project.wollok.interpreter.WollokInterpreter.eval(Lorg/eclipse/emf/ecore/EObject;)Lorg/uqbar/project/wollok/interpreter/core/WollokObject;+63
j  org.uqbar.project.wollok.interpreter.AbstractWollokCallable.eval(Lorg/eclipse/emf/ecore/EObject;)Lorg/uqbar/project/wollok/interpreter/core/WollokObject;+5
j  org.uqbar.project.wollok.interpreter.AbstractWollokCallable$1.apply()Lorg/uqbar/project/wollok/interpreter/core/WollokObject;+110
j  org.uqbar.project.wollok.interpreter.AbstractWollokCallable$1.apply()Ljava/lang/Object;+1
j  org.uqbar.project.wollok.interpreter.threads.WThread.performOnStack(Lorg/eclipse/emf/ecore/EObject;Lorg/uqbar/project/wollok/interpreter/context/EvaluationContext;Lorg/eclipse/xtext/xbase/lib/Functions$Function0;)Lorg/uqbar/project/wollok/interpreter/core/WollokObject;+29
j  org.uqbar.project.wollok.interpreter.WollokInterpreter.performOnStack(Lorg/eclipse/emf/ecore/EObject;Lorg/uqbar/project/wollok/interpreter/context/EvaluationContext;Lorg/eclipse/xtext/xbase/lib/Functions$Function0;)Lorg/uqbar/project/wollok/interpreter/core/WollokObject;+7
j  org.uqbar.project.wollok.interpreter.AbstractWollokCallable.call(Lorg/uqbar/project/wollok/wollokDsl/WMethodDeclaration;[Lorg/uqbar/project/wollok/interpreter/core/WollokObject;)Lorg/uqbar/project/wollok/interpreter/core/WollokObject;+38
j  org.uqbar.project.wollok.interpreter.core.WollokObject.call(Ljava/lang/String;[Lorg/uqbar/project/wollok/interpreter/core/WollokObject;)Lorg/uqbar/project/wollok/interpreter/core/WollokObject;+55
j  org.uqbar.project.wollok.interpreter.WollokInterpreterEvaluator._evaluate(Lorg/uqbar/project/wollok/wollokDsl/WFeatureCall;)Lorg/uqbar/project/wollok/interpreter/core/WollokObject;+119
j  org.uqbar.project.wollok.launch.WollokLauncherInterpreterEvaluator.evaluate(Lorg/eclipse/emf/ecore/EObject;)Lorg/uqbar/project/wollok/interpreter/core/WollokObject;+412
j  org.uqbar.project.wollok.interpreter.WollokInterpreterEvaluator.evaluate(Lorg/eclipse/emf/ecore/EObject;)Ljava/lang/Object;+2
j  org.uqbar.project.wollok.interpreter.WollokInterpreter.eval(Lorg/eclipse/emf/ecore/EObject;)Lorg/uqbar/project/wollok/interpreter/core/WollokObject;+63
j  org.uqbar.project.wollok.interpreter.WollokInterpreterEvaluator.eval(Lorg/eclipse/emf/ecore/EObject;)Lorg/uqbar/project/wollok/interpreter/core/WollokObject;+5
j  org.uqbar.project.wollok.interpreter.WollokInterpreterEvaluator$1.apply(Lorg/uqbar/project/wollok/interpreter/core/WollokObject;Lorg/eclipse/emf/ecore/EObject;)Lorg/uqbar/project/wollok/interpreter/core/WollokObject;+5
j  org.uqbar.project.wollok.interpreter.WollokInterpreterEvaluator$1.apply(Ljava/lang/Object;Ljava/lang/Object;)Ljava/lang/Object;+9
j  org.eclipse.xtext.xbase.lib.IteratorExtensions.fold(Ljava/util/Iterator;Ljava/lang/Object;Lorg/eclipse/xtext/xbase/lib/Functions$Function2;)Ljava/lang/Object;+19
j  org.eclipse.xtext.xbase.lib.IterableExtensions.fold(Ljava/lang/Iterable;Ljava/lang/Object;Lorg/eclipse/xtext/xbase/lib/Functions$Function2;)Ljava/lang/Object;+8
j  org.uqbar.project.wollok.interpreter.WollokInterpreterEvaluator.evalAll(Ljava/lang/Iterable;)Lorg/uqbar/project/wollok/interpreter/core/WollokObject;+12
j  org.uqbar.project.wollok.interpreter.WollokInterpreterEvaluator._evaluate(Lorg/uqbar/project/wollok/wollokDsl/WProgram;)Lorg/uqbar/project/wollok/interpreter/core/WollokObject;+18
j  org.uqbar.project.wollok.launch.WollokLauncherInterpreterEvaluator.evaluate(Lorg/eclipse/emf/ecore/EObject;)Lorg/uqbar/project/wollok/interpreter/core/WollokObject;+444
j  org.uqbar.project.wollok.interpreter.WollokInterpreterEvaluator.evaluate(Lorg/eclipse/emf/ecore/EObject;)Ljava/lang/Object;+2
j  org.uqbar.project.wollok.interpreter.WollokInterpreter.eval(Lorg/eclipse/emf/ecore/EObject;)Lorg/uqbar/project/wollok/interpreter/core/WollokObject;+63
j  org.uqbar.project.wollok.interpreter.WollokInterpreterEvaluator.eval(Lorg/eclipse/emf/ecore/EObject;)Lorg/uqbar/project/wollok/interpreter/core/WollokObject;+5
j  org.uqbar.project.wollok.launch.WollokLauncherInterpreterEvaluator._evaluate(Lorg/uqbar/project/wollok/wollokDsl/WFile;)Lorg/uqbar/project/wollok/interpreter/core/WollokObject;+32
j  org.uqbar.project.wollok.launch.WollokLauncherInterpreterEvaluator.evaluate(Lorg/eclipse/emf/ecore/EObject;)Lorg/uqbar/project/wollok/interpreter/core/WollokObject;+428
j  org.uqbar.project.wollok.interpreter.WollokInterpreterEvaluator.evaluate(Lorg/eclipse/emf/ecore/EObject;)Ljava/lang/Object;+2
j  org.uqbar.project.wollok.interpreter.WollokInterpreter.interpret(Lorg/eclipse/emf/ecore/EObject;Ljava/lang/Boolean;)Lorg/uqbar/project/wollok/interpreter/core/WollokObject;+25
j  org.uqbar.project.wollok.interpreter.WollokInterpreter.interpret(Lorg/eclipse/emf/ecore/EObject;)Lorg/uqbar/project/wollok/interpreter/core/WollokObject;+8
j  org.uqbar.project.wollok.launch.WollokLauncher.doSomething(Lorg/uqbar/project/wollok/wollokDsl/WFile;Lcom/google/inject/Injector;Ljava/io/File;Lorg/uqbar/project/wollok/launch/WollokLauncherParameters;)V+109
j  org.uqbar.project.wollok.launch.WollokChecker.launch(Ljava/lang/String;Lorg/uqbar/project/wollok/launch/WollokLauncherParameters;)V+31
j  org.uqbar.project.wollok.launch.WollokChecker.doMain([Ljava/lang/String;)V+205
j  org.uqbar.project.wollok.launch.WollokLauncher.main([Ljava/lang/String;)V+8
v  ~StubRoutines::call_stub

---------------  P R O C E S S  ---------------

Java Threads: ( => current thread )
  0x0000021873b83800 JavaThread "com.google.inject.internal.util.$Finalizer" daemon [_thread_blocked, id=15368, stack(0x000000b841600000,0x000000b841700000)]
  0x0000021873958000 JavaThread "EMF Reference Cleaner" daemon [_thread_blocked, id=8008, stack(0x000000b841500000,0x000000b841600000)]
  0x0000021871dea800 JavaThread "Service Thread" daemon [_thread_blocked, id=1340, stack(0x000000b841300000,0x000000b841400000)]
  0x0000021871dd4000 JavaThread "C1 CompilerThread2" daemon [_thread_blocked, id=8600, stack(0x000000b841200000,0x000000b841300000)]
  0x0000021871d7e000 JavaThread "C2 CompilerThread1" daemon [_thread_blocked, id=28652, stack(0x000000b841100000,0x000000b841200000)]
  0x0000021871d7b000 JavaThread "C2 CompilerThread0" daemon [_thread_blocked, id=20324, stack(0x000000b841000000,0x000000b841100000)]
  0x0000021871d7a000 JavaThread "Attach Listener" daemon [_thread_blocked, id=16328, stack(0x000000b840f00000,0x000000b841000000)]
  0x0000021871d6e800 JavaThread "Signal Dispatcher" daemon [_thread_blocked, id=10672, stack(0x000000b840e00000,0x000000b840f00000)]
  0x0000021871d4c800 JavaThread "Finalizer" daemon [_thread_blocked, id=34584, stack(0x000000b840d00000,0x000000b840e00000)]
  0x0000021871d43000 JavaThread "Reference Handler" daemon [_thread_blocked, id=9924, stack(0x000000b840c00000,0x000000b840d00000)]
=>0x000002185bda0800 JavaThread "main" [_thread_in_native, id=10944, stack(0x000000b840600000,0x000000b840700000)]

Other Threads:
  0x0000021871d1d800 VMThread [stack: 0x000000b840b00000,0x000000b840c00000] [id=10724]
  0x0000021871dec800 WatcherThread [stack: 0x000000b841400000,0x000000b841500000] [id=10040]

VM state:not at safepoint (normal execution)

VM Mutex/Monitor currently owned by a thread: None

heap address: 0x0000000081e00000, size: 2018 MB, Compressed Oops mode: 32-bit
Narrow klass base: 0x0000000000000000, Narrow klass shift: 3
Compressed class space size: 1073741824 Address: 0x0000000100000000

Heap:
 PSYoungGen      total 71680K, used 2588K [0x00000000d5f80000, 0x00000000dfe80000, 0x0000000100000000)
  eden space 66560K, 3% used [0x00000000d5f80000,0x00000000d62071a0,0x00000000da080000)
  from space 5120K, 0% used [0x00000000da080000,0x00000000da080000,0x00000000da580000)
  to   space 14848K, 0% used [0x00000000df000000,0x00000000df000000,0x00000000dfe80000)
 ParOldGen       total 81408K, used 23531K [0x0000000081e00000, 0x0000000086d80000, 0x00000000d5f80000)
  object space 81408K, 28% used [0x0000000081e00000,0x00000000834fae08,0x0000000086d80000)
 Metaspace       used 21155K, capacity 21402K, committed 21504K, reserved 1069056K
  class space    used 2666K, capacity 2749K, committed 2816K, reserved 1048576K

Card table byte_map: [0x000002186c9b0000,0x000002186cdb0000] byte_map_base: 0x000002186c5a1000

Marking Bits: (ParMarkBitMap*) 0x0000000070ad7790
 Begin Bits: [0x000002186d060000, 0x000002186efe8000)
 End Bits:   [0x000002186efe8000, 0x0000021870f70000)

Polling page: 0x000002185bcf0000

CodeCache: size=245760Kb used=10540Kb max_used=10541Kb free=235219Kb
 bounds [0x000002185d5f0000, 0x000002185e050000, 0x000002186c5f0000]
 total_blobs=3703 nmethods=3262 adapters=352
 compilation: enabled

Compilation events (10 events):
Event: 5.672 Thread 0x0000021871dd4000 3261       3       java.io.FileInputStream::read (9 bytes)
Event: 5.673 Thread 0x0000021871dd4000 nmethod 3261 0x000002185e042490 code [0x000002185e042600, 0x000002185e042790]
Event: 5.688 Thread 0x0000021871dd4000 3262       3       java.nio.DirectByteBuffer::put (18 bytes)
Event: 5.688 Thread 0x0000021871dd4000 nmethod 3262 0x000002185e041bd0 code [0x000002185e041d40, 0x000002185e041fb8]
Event: 5.688 Thread 0x0000021871dd4000 3263       3       java.nio.DirectByteBuffer::ix (10 bytes)
Event: 5.688 Thread 0x0000021871dd4000 nmethod 3263 0x000002185e036310 code [0x000002185e036460, 0x000002185e0365b8]
Event: 5.689 Thread 0x0000021871dd4000 3265       3       java.nio.DirectByteBuffer::put (18 bytes)
Event: 5.689 Thread 0x0000021871dd4000 nmethod 3265 0x000002185e0416d0 code [0x000002185e041840, 0x000002185e041ab8]
Event: 5.689 Thread 0x0000021871dd4000 3266       1       java.nio.DirectByteBuffer::ix (10 bytes)
Event: 5.689 Thread 0x0000021871dd4000 nmethod 3266 0x000002185e041410 code [0x000002185e041560, 0x000002185e041678]

GC Heap History (10 events):
Event: 1.732 GC heap before
{Heap before GC invocations=2 (full 0):
 PSYoungGen      total 38400K, used 38373K [0x00000000d5f80000, 0x00000000d8a00000, 0x0000000100000000)
  eden space 33280K, 100% used [0x00000000d5f80000,0x00000000d8000000,0x00000000d8000000)
  from space 5120K, 99% used [0x00000000d8000000,0x00000000d84f9458,0x00000000d8500000)
  to   space 5120K, 0% used [0x00000000d8500000,0x00000000d8500000,0x00000000d8a00000)
 ParOldGen       total 87552K, used 1643K [0x0000000081e00000, 0x0000000087380000, 0x00000000d5f80000)
  object space 87552K, 1% used [0x0000000081e00000,0x0000000081f9af10,0x0000000087380000)
 Metaspace       used 8488K, capacity 8604K, committed 8832K, reserved 1056768K
  class space    used 1018K, capacity 1076K, committed 1152K, reserved 1048576K
Event: 1.747 GC heap after
Heap after GC invocations=2 (full 0):
 PSYoungGen      total 38400K, used 5112K [0x00000000d5f80000, 0x00000000daa80000, 0x0000000100000000)
  eden space 33280K, 0% used [0x00000000d5f80000,0x00000000d5f80000,0x00000000d8000000)
  from space 5120K, 99% used [0x00000000d8500000,0x00000000d89fe390,0x00000000d8a00000)
  to   space 5120K, 0% used [0x00000000d8000000,0x00000000d8000000,0x00000000d8500000)
 ParOldGen       total 87552K, used 10936K [0x0000000081e00000, 0x0000000087380000, 0x00000000d5f80000)
  object space 87552K, 12% used [0x0000000081e00000,0x00000000828ae0a8,0x0000000087380000)
 Metaspace       used 8488K, capacity 8604K, committed 8832K, reserved 1056768K
  class space    used 1018K, capacity 1076K, committed 1152K, reserved 1048576K
}
Event: 2.340 GC heap before
{Heap before GC invocations=3 (full 0):
 PSYoungGen      total 38400K, used 38392K [0x00000000d5f80000, 0x00000000daa80000, 0x0000000100000000)
  eden space 33280K, 100% used [0x00000000d5f80000,0x00000000d8000000,0x00000000d8000000)
  from space 5120K, 99% used [0x00000000d8500000,0x00000000d89fe390,0x00000000d8a00000)
  to   space 5120K, 0% used [0x00000000d8000000,0x00000000d8000000,0x00000000d8500000)
 ParOldGen       total 87552K, used 10936K [0x0000000081e00000, 0x0000000087380000, 0x00000000d5f80000)
  object space 87552K, 12% used [0x0000000081e00000,0x00000000828ae0a8,0x0000000087380000)
 Metaspace       used 11971K, capacity 12072K, committed 12288K, reserved 1060864K
  class space    used 1500K, capacity 1526K, committed 1536K, reserved 1048576K
Event: 2.350 GC heap after
Heap after GC invocations=3 (full 0):
 PSYoungGen      total 38400K, used 5090K [0x00000000d5f80000, 0x00000000daa80000, 0x0000000100000000)
  eden space 33280K, 0% used [0x00000000d5f80000,0x00000000d5f80000,0x00000000d8000000)
  from space 5120K, 99% used [0x00000000d8000000,0x00000000d84f8ab0,0x00000000d8500000)
  to   space 5120K, 0% used [0x00000000da580000,0x00000000da580000,0x00000000daa80000)
 ParOldGen       total 87552K, used 17868K [0x0000000081e00000, 0x0000000087380000, 0x00000000d5f80000)
  object space 87552K, 20% used [0x0000000081e00000,0x0000000082f730a8,0x0000000087380000)
 Metaspace       used 11971K, capacity 12072K, committed 12288K, reserved 1060864K
  class space    used 1500K, capacity 1526K, committed 1536K, reserved 1048576K
}
Event: 2.972 GC heap before
{Heap before GC invocations=4 (full 0):
 PSYoungGen      total 38400K, used 38370K [0x00000000d5f80000, 0x00000000daa80000, 0x0000000100000000)
  eden space 33280K, 100% used [0x00000000d5f80000,0x00000000d8000000,0x00000000d8000000)
  from space 5120K, 99% used [0x00000000d8000000,0x00000000d84f8ab0,0x00000000d8500000)
  to   space 5120K, 0% used [0x00000000da580000,0x00000000da580000,0x00000000daa80000)
 ParOldGen       total 87552K, used 17868K [0x0000000081e00000, 0x0000000087380000, 0x00000000d5f80000)
  object space 87552K, 20% used [0x0000000081e00000,0x0000000082f730a8,0x0000000087380000)
 Metaspace       used 15471K, capacity 15614K, committed 15872K, reserved 1062912K
  class space    used 1985K, capacity 2015K, committed 2048K, reserved 1048576K
Event: 2.986 GC heap after
Heap after GC invocations=4 (full 0):
 PSYoungGen      total 71680K, used 5088K [0x00000000d5f80000, 0x00000000daa80000, 0x0000000100000000)
  eden space 66560K, 0% used [0x00000000d5f80000,0x00000000d5f80000,0x00000000da080000)
  from space 5120K, 99% used [0x00000000da580000,0x00000000daa78030,0x00000000daa80000)
  to   space 5120K, 0% used [0x00000000da080000,0x00000000da080000,0x00000000da580000)
 ParOldGen       total 87552K, used 24032K [0x0000000081e00000, 0x0000000087380000, 0x00000000d5f80000)
  object space 87552K, 27% used [0x0000000081e00000,0x0000000083578248,0x0000000087380000)
 Metaspace       used 15471K, capacity 15614K, committed 15872K, reserved 1062912K
  class space    used 1985K, capacity 2015K, committed 2048K, reserved 1048576K
}
Event: 5.568 GC heap before
{Heap before GC invocations=5 (full 0):
 PSYoungGen      total 71680K, used 59859K [0x00000000d5f80000, 0x00000000daa80000, 0x0000000100000000)
  eden space 66560K, 82% used [0x00000000d5f80000,0x00000000d94fcc80,0x00000000da080000)
  from space 5120K, 99% used [0x00000000da580000,0x00000000daa78030,0x00000000daa80000)
  to   space 5120K, 0% used [0x00000000da080000,0x00000000da080000,0x00000000da580000)
 ParOldGen       total 87552K, used 24032K [0x0000000081e00000, 0x0000000087380000, 0x00000000d5f80000)
  object space 87552K, 27% used [0x0000000081e00000,0x0000000083578248,0x0000000087380000)
 Metaspace       used 20870K, capacity 21114K, committed 21248K, reserved 1067008K
  class space    used 2624K, capacity 2717K, committed 2816K, reserved 1048576K
Event: 5.584 GC heap after
Heap after GC invocations=5 (full 0):
 PSYoungGen      total 71680K, used 5088K [0x00000000d5f80000, 0x00000000dfe80000, 0x0000000100000000)
  eden space 66560K, 0% used [0x00000000d5f80000,0x00000000d5f80000,0x00000000da080000)
  from space 5120K, 99% used [0x00000000da080000,0x00000000da578050,0x00000000da580000)
  to   space 14848K, 0% used [0x00000000df000000,0x00000000df000000,0x00000000dfe80000)
 ParOldGen       total 87552K, used 30511K [0x0000000081e00000, 0x0000000087380000, 0x00000000d5f80000)
  object space 87552K, 34% used [0x0000000081e00000,0x0000000083bcbc78,0x0000000087380000)
 Metaspace       used 20870K, capacity 21114K, committed 21248K, reserved 1067008K
  class space    used 2624K, capacity 2717K, committed 2816K, reserved 1048576K
}
Event: 5.584 GC heap before
{Heap before GC invocations=6 (full 1):
 PSYoungGen      total 71680K, used 5088K [0x00000000d5f80000, 0x00000000dfe80000, 0x0000000100000000)
  eden space 66560K, 0% used [0x00000000d5f80000,0x00000000d5f80000,0x00000000da080000)
  from space 5120K, 99% used [0x00000000da080000,0x00000000da578050,0x00000000da580000)
  to   space 14848K, 0% used [0x00000000df000000,0x00000000df000000,0x00000000dfe80000)
 ParOldGen       total 87552K, used 30511K [0x0000000081e00000, 0x0000000087380000, 0x00000000d5f80000)
  object space 87552K, 34% used [0x0000000081e00000,0x0000000083bcbc78,0x0000000087380000)
 Metaspace       used 20870K, capacity 21114K, committed 21248K, reserved 1067008K
  class space    used 2624K, capacity 2717K, committed 2816K, reserved 1048576K
Event: 5.652 GC heap after
Heap after GC invocations=6 (full 1):
 PSYoungGen      total 71680K, used 0K [0x00000000d5f80000, 0x00000000dfe80000, 0x0000000100000000)
  eden space 66560K, 0% used [0x00000000d5f80000,0x00000000d5f80000,0x00000000da080000)
  from space 5120K, 0% used [0x00000000da080000,0x00000000da080000,0x00000000da580000)
  to   space 14848K, 0% used [0x00000000df000000,0x00000000df000000,0x00000000dfe80000)
 ParOldGen       total 81408K, used 23531K [0x0000000081e00000, 0x0000000086d80000, 0x00000000d5f80000)
  object space 81408K, 28% used [0x0000000081e00000,0x00000000834fae08,0x0000000086d80000)
 Metaspace       used 20870K, capacity 21114K, committed 21248K, reserved 1067008K
  class space    used 2624K, capacity 2717K, committed 2816K, reserved 1048576K
}

Deoptimization events (10 events):
Event: 3.737 Thread 0x000002185bda0800 Uncommon trap: reason=unstable_if action=reinterpret pc=0x000002185dd8084c method=java.util.HashMap.computeIfAbsent(Ljava/lang/Object;Ljava/util/function/Function;)Ljava/lang/Object; @ 44
Event: 3.752 Thread 0x000002185bda0800 Uncommon trap: reason=unstable_if action=reinterpret pc=0x000002185ddb884c method=org.antlr.runtime.CommonTokenStream.consume()V @ 13
Event: 3.769 Thread 0x000002185bda0800 Uncommon trap: reason=bimorphic action=maybe_recompile pc=0x000002185dbc4604 method=org.eclipse.emf.common.util.AbstractEList$EIterator.next()Ljava/lang/Object; @ 1
Event: 3.780 Thread 0x000002185bda0800 Uncommon trap: reason=unstable_if action=reinterpret pc=0x000002185dd0db5c method=org.uqbar.project.wollok.parser.antlr.internal.InternalWollokDslLexer.mRULE_ML_COMMENT()V @ 66
Event: 3.781 Thread 0x000002185bda0800 Uncommon trap: reason=unstable_if action=reinterpret pc=0x000002185dd8efa4 method=java.util.HashMap.computeIfAbsent(Ljava/lang/Object;Ljava/util/function/Function;)Ljava/lang/Object; @ 44
Event: 3.988 Thread 0x000002185bda0800 Uncommon trap: reason=unstable_if action=reinterpret pc=0x000002185deb68d8 method=org.eclipse.emf.common.notify.impl.NotifierImpl.eAdapters()Lorg/eclipse/emf/common/util/EList; @ 4
Event: 3.995 Thread 0x000002185bda0800 Uncommon trap: reason=unstable_if action=reinterpret pc=0x000002185dde88a8 method=org.eclipse.emf.common.notify.impl.BasicNotifierImpl$EAdapterList.data()[Ljava/lang/Object; @ 16
Event: 4.005 Thread 0x000002185bda0800 Uncommon trap: reason=unstable_if action=reinterpret pc=0x000002185dedef18 method=org.eclipse.emf.common.notify.impl.BasicNotifierImpl$EAdapterList.getAdapterForType(Ljava/lang/Object;)Lorg/eclipse/emf/common/notify/Adapter; @ 50
Event: 4.267 Thread 0x000002185bda0800 Uncommon trap: reason=unstable_if action=reinterpret pc=0x000002185db4ebd0 method=java.util.concurrent.ConcurrentHashMap.putVal(Ljava/lang/Object;Ljava/lang/Object;Z)Ljava/lang/Object; @ 181
Event: 4.739 Thread 0x000002185bda0800 Uncommon trap: reason=unstable_if action=reinterpret pc=0x000002185d9e763c method=java.io.WinNTFileSystem.normalize(Ljava/lang/String;)Ljava/lang/String; @ 49

Classes redefined (0 events):
No events

Internal exceptions (10 events):
Event: 4.486 Thread 0x000002185bda0800 Exception <a 'java/lang/reflect/InvocationTargetException'> (0x00000000d89e7238) thrown at [J:\jenkins\tmp\workspace\build\src\hotspot\src\share\vm\runtime\reflection.cpp, line 1092]
Event: 4.487 Thread 0x000002185bda0800 Exception <a 'java/lang/reflect/InvocationTargetException'> (0x00000000d8a06bf8) thrown at [J:\jenkins\tmp\workspace\build\src\hotspot\src\share\vm\runtime\reflection.cpp, line 1092]
Event: 4.488 Thread 0x000002185bda0800 Exception <a 'java/lang/reflect/InvocationTargetException'> (0x00000000d8a264a8) thrown at [J:\jenkins\tmp\workspace\build\src\hotspot\src\share\vm\runtime\reflection.cpp, line 1092]
Event: 4.489 Thread 0x000002185bda0800 Exception <a 'java/lang/reflect/InvocationTargetException'> (0x00000000d8a48658) thrown at [J:\jenkins\tmp\workspace\build\src\hotspot\src\share\vm\runtime\reflection.cpp, line 1092]
Event: 5.701 Thread 0x000002185bda0800 Exception <a 'java/security/PrivilegedActionException'> (0x00000000d6102af0) thrown at [J:\jenkins\tmp\workspace\build\src\hotspot\src\share\vm\prims\jvm.cpp, line 1512]
Event: 5.701 Thread 0x000002185bda0800 Exception <a 'java/security/PrivilegedActionException'> (0x00000000d6104020) thrown at [J:\jenkins\tmp\workspace\build\src\hotspot\src\share\vm\prims\jvm.cpp, line 1512]
Event: 5.701 Thread 0x000002185bda0800 Exception <a 'java/security/PrivilegedActionException'> (0x00000000d6105450) thrown at [J:\jenkins\tmp\workspace\build\src\hotspot\src\share\vm\prims\jvm.cpp, line 1512]
Event: 5.701 Thread 0x000002185bda0800 Exception <a 'java/security/PrivilegedActionException'> (0x00000000d6106b10) thrown at [J:\jenkins\tmp\workspace\build\src\hotspot\src\share\vm\prims\jvm.cpp, line 1512]
Event: 5.701 Thread 0x000002185bda0800 Exception <a 'java/security/PrivilegedActionException'> (0x00000000d6107f08) thrown at [J:\jenkins\tmp\workspace\build\src\hotspot\src\share\vm\prims\jvm.cpp, line 1512]
Event: 5.701 Thread 0x000002185bda0800 Exception <a 'java/security/PrivilegedActionException'> (0x00000000d61092d0) thrown at [J:\jenkins\tmp\workspace\build\src\hotspot\src\share\vm\prims\jvm.cpp, line 1512]

Events (10 events):
Event: 5.745 loading class org/lwjgl/openal/ALCdevice
Event: 5.745 loading class org/lwjgl/openal/ALCdevice done
Event: 5.745 loading class org/lwjgl/openal/ALCcontext
Event: 5.745 loading class org/lwjgl/openal/ALCcontext done
Event: 5.746 loading class java/nio/DirectIntBufferU
Event: 5.746 loading class java/nio/DirectIntBufferU done
Event: 5.746 loading class org/lwjgl/openal/Util
Event: 5.746 loading class org/lwjgl/openal/Util done
Event: 5.746 loading class org/lwjgl/openal/OpenALException
Event: 5.746 loading class org/lwjgl/openal/OpenALException done


Dynamic libraries:
0x00007ff6f4bb0000 - 0x00007ff6f4bea000 	C:\Program Files\AdoptOpenJDK\jdk-8.0.265.01-hotspot\bin\javaw.exe
0x00007ffe036b0000 - 0x00007ffe038a5000 	C:\WINDOWS\SYSTEM32\ntdll.dll
0x00007ffe03390000 - 0x00007ffe0344d000 	C:\WINDOWS\System32\KERNEL32.DLL
0x00007ffe01140000 - 0x00007ffe01407000 	C:\WINDOWS\System32\KERNELBASE.dll
0x00007ffe01850000 - 0x00007ffe018fa000 	C:\WINDOWS\System32\ADVAPI32.dll
0x00007ffe02a10000 - 0x00007ffe02aae000 	C:\WINDOWS\System32\msvcrt.dll
0x00007ffe03450000 - 0x00007ffe034eb000 	C:\WINDOWS\System32\sechost.dll
0x00007ffe01900000 - 0x00007ffe01a24000 	C:\WINDOWS\System32\RPCRT4.dll
0x00007ffe023d0000 - 0x00007ffe02570000 	C:\WINDOWS\System32\USER32.dll
0x00007ffe01410000 - 0x00007ffe01432000 	C:\WINDOWS\System32\win32u.dll
0x00007ffe02930000 - 0x00007ffe0295a000 	C:\WINDOWS\System32\GDI32.dll
0x00007ffe00df0000 - 0x00007ffe00ef9000 	C:\WINDOWS\System32\gdi32full.dll
0x00007ffe01670000 - 0x00007ffe0170d000 	C:\WINDOWS\System32\msvcp_win.dll
0x00007ffe00fe0000 - 0x00007ffe010e0000 	C:\WINDOWS\System32\ucrtbase.dll
0x00007ffdee860000 - 0x00007ffdeeafb000 	C:\WINDOWS\WinSxS\amd64_microsoft.windows.common-controls_6595b64144ccf1df_6.0.19041.488_none_ca04af081b815d21\COMCTL32.dll
0x00007ffe02ab0000 - 0x00007ffe02ae0000 	C:\WINDOWS\System32\IMM32.DLL
0x00007ffdbde90000 - 0x00007ffdbdf7f000 	C:\Program Files\AdoptOpenJDK\jdk-8.0.265.01-hotspot\jre\bin\msvcr120.dll
0x00007ffdbdd30000 - 0x00007ffdbddd6000 	C:\Program Files\AdoptOpenJDK\jdk-8.0.265.01-hotspot\jre\bin\msvcp120.dll
0x00000000702f0000 - 0x0000000070b56000 	C:\Program Files\AdoptOpenJDK\jdk-8.0.265.01-hotspot\jre\bin\server\jvm.dll
0x00007ffe023c0000 - 0x00007ffe023c8000 	C:\WINDOWS\System32\PSAPI.DLL
0x00007ffde9060000 - 0x00007ffde9069000 	C:\WINDOWS\SYSTEM32\WSOCK32.dll
0x00007ffe021a0000 - 0x00007ffe0220b000 	C:\WINDOWS\System32\WS2_32.dll
0x00007ffdee2b0000 - 0x00007ffdee2d7000 	C:\WINDOWS\SYSTEM32\WINMM.dll
0x00007ffdf5890000 - 0x00007ffdf589a000 	C:\WINDOWS\SYSTEM32\VERSION.dll
0x00007ffdee2e0000 - 0x00007ffdee2ef000 	C:\Program Files\AdoptOpenJDK\jdk-8.0.265.01-hotspot\jre\bin\verify.dll
0x00007ffdcaf90000 - 0x00007ffdcafb8000 	C:\Program Files\AdoptOpenJDK\jdk-8.0.265.01-hotspot\jre\bin\java.dll
0x00007ffdb1340000 - 0x00007ffdb1356000 	C:\Program Files\AdoptOpenJDK\jdk-8.0.265.01-hotspot\jre\bin\zip.dll
0x00007ffe02be0000 - 0x00007ffe03321000 	C:\WINDOWS\System32\SHELL32.dll
0x00007ffdfef50000 - 0x00007ffdff6e3000 	C:\WINDOWS\SYSTEM32\windows.storage.dll
0x00007ffe025d0000 - 0x00007ffe02925000 	C:\WINDOWS\System32\combase.dll
0x00007ffe00860000 - 0x00007ffe0088c000 	C:\WINDOWS\SYSTEM32\Wldp.dll
0x00007ffe017a0000 - 0x00007ffe0184e000 	C:\WINDOWS\System32\SHCORE.dll
0x00007ffe01c40000 - 0x00007ffe01c95000 	C:\WINDOWS\System32\shlwapi.dll
0x00007ffe00d20000 - 0x00007ffe00d46000 	C:\WINDOWS\SYSTEM32\profapi.dll
0x0000000065580000 - 0x0000000065616000 	C:\Users\paola\AppData\Local\Temp\libgdxpaola\12dfaa03\gdx64.dll
0x00007ffe007c0000 - 0x00007ffe007d8000 	C:\WINDOWS\SYSTEM32\CRYPTSP.dll
0x00007ffdfff00000 - 0x00007ffdfff34000 	C:\WINDOWS\system32\rsaenh.dll
0x00007ffe00f00000 - 0x00007ffe00f27000 	C:\WINDOWS\System32\bcrypt.dll
0x00007ffe00ca0000 - 0x00007ffe00cce000 	C:\WINDOWS\SYSTEM32\USERENV.dll
0x00007ffe015f0000 - 0x00007ffe0166f000 	C:\WINDOWS\System32\bcryptprimitives.dll
0x00007ffe007b0000 - 0x00007ffe007bc000 	C:\WINDOWS\SYSTEM32\CRYPTBASE.dll
0x00007ffdad8e0000 - 0x00007ffdad8fa000 	C:\Program Files\AdoptOpenJDK\jdk-8.0.265.01-hotspot\jre\bin\net.dll
0x00007ffe005e0000 - 0x00007ffe0064a000 	C:\WINDOWS\system32\mswsock.dll
0x00007ffe00280000 - 0x00007ffe002bb000 	C:\WINDOWS\SYSTEM32\IPHLPAPI.DLL
0x00007ffe02190000 - 0x00007ffe02199000 	C:\WINDOWS\System32\NSI.dll
0x00007ffdf7520000 - 0x00007ffdf7537000 	C:\WINDOWS\SYSTEM32\dhcpcsvc6.DLL
0x00007ffdf7610000 - 0x00007ffdf762d000 	C:\WINDOWS\SYSTEM32\dhcpcsvc.DLL
0x00007ffe002c0000 - 0x00007ffe0038b000 	C:\WINDOWS\SYSTEM32\DNSAPI.dll
0x00007ffdad8c0000 - 0x00007ffdad8d2000 	C:\Program Files\AdoptOpenJDK\jdk-8.0.265.01-hotspot\jre\bin\nio.dll
0x0000000180000000 - 0x0000000180053000 	C:\Users\paola\AppData\Local\Temp\libgdxpaola\dc0f0009\lwjgl64.dll
0x00007ffde6f00000 - 0x00007ffde7025000 	C:\WINDOWS\SYSTEM32\OPENGL32.dll
0x00007ffdf2530000 - 0x00007ffdf255c000 	C:\WINDOWS\SYSTEM32\GLU32.dll
0x00000218769b0000 - 0x0000021876a14000 	C:\Users\paola\AppData\Local\Temp\libgdxpaola\dc0f0009\OpenAL64.dll
0x00007ffe01a30000 - 0x00007ffe01b59000 	C:\WINDOWS\System32\ole32.dll
0x00007ffdfed50000 - 0x00007ffdfed63000 	C:\WINDOWS\SYSTEM32\kernel.appcore.dll
0x00007ffdfe890000 - 0x00007ffdfe92f000 	C:\WINDOWS\system32\uxtheme.dll
0x00007ffe02960000 - 0x00007ffe02a08000 	C:\WINDOWS\System32\clbcatq.dll
0x00007ffdcc8c0000 - 0x00007ffdcc95c000 	C:\WINDOWS\SYSTEM32\dsound.dll
0x00007ffde66f0000 - 0x00007ffde6716000 	C:\WINDOWS\SYSTEM32\winmmbase.dll
0x00007ffe003f0000 - 0x00007ffe0043b000 	C:\WINDOWS\SYSTEM32\powrprof.dll
0x00007ffe00260000 - 0x00007ffe00272000 	C:\WINDOWS\SYSTEM32\UMPDC.dll
0x00007ffdf9e50000 - 0x00007ffdf9ed5000 	C:\WINDOWS\System32\MMDevApi.dll
0x00007ffe00ba0000 - 0x00007ffe00bcc000 	C:\WINDOWS\System32\DEVOBJ.dll
0x00007ffe01440000 - 0x00007ffe0148d000 	C:\WINDOWS\System32\cfgmgr32.dll
0x00007ffdfa110000 - 0x00007ffdfa290000 	C:\WINDOWS\SYSTEM32\AUDIOSES.DLL
0x00007ffe01b60000 - 0x00007ffe01c2d000 	C:\WINDOWS\System32\OLEAUT32.dll
0x00007ffddfe30000 - 0x00007ffde0014000 	C:\WINDOWS\SYSTEM32\dbghelp.dll

VM Arguments:
jvm_args: -Duser.language=en_US -Dfile.encoding=UTF-8 
java_command: org.uqbar.project.wollok.launch.WollokLauncher -requestsPort 0 -eventsPort 0 -folder -dontValidate -wf src/game.wpgm
java_class_path (initial): C:\Users\paola\Desktop\Algoritmos I - Wollok\wollok-win32.win32.x86_64\workspace\git\2020s2-tp-juego-setters_and_getters\bin;C:\Users\paola\Desktop\Algoritmos I - Wollok\wollok-win32.win32.x86_64\plugins\com.ibm.icu_64.2.0.v20190507-1337.jar;C:\Users\paola\Desktop\Algoritmos I - Wollok\wollok-win32.win32.x86_64\plugins\org.eclipse.xtext_2.20.0.v20191202-0915.jar;C:\Users\paola\Desktop\Algoritmos I - Wollok\wollok-win32.win32.x86_64\plugins\org.eclipse.emf.ecore.xmi_2.16.0.v20190528-0725.jar;C:\Users\paola\Desktop\Algoritmos I - Wollok\wollok-win32.win32.x86_64\plugins\org.eclipse.emf.ecore_2.20.0.v20190920-0401.jar;C:\Users\paola\Desktop\Algoritmos I - Wollok\wollok-win32.win32.x86_64\plugins\org.eclipse.emf.common_2.17.0.v20190920-0401.jar;C:\Users\paola\Desktop\Algoritmos I - Wollok\wollok-win32.win32.x86_64\plugins\org.antlr.runtime_3.2.0.v201101311130.jar;C:\Users\paola\Desktop\Algoritmos I - Wollok\wollok-win32.win32.x86_64\plugins\com.google.inject_3.0.0.v201605172100.jar;C:\Users\paola\Desktop\Algoritmos I - Wollok\wollok-win32.win32.x86_64\plugins\org.eclipse.emf.mwe.core_1.5.1.v20191121-1148.jar;C:\Users\paola\Desktop\Algoritmos I - Wollok\wollok-win32.win32.x86_64\plugins\org.apache.commons.cli_1.2.0.v201404270220.jar;C:\Users\paola\Desktop\Algoritmos I - Wollok\wollok-win32.win32.x86_64\plugins\org.eclipse.emf.mwe2.runtime_2.11.1.v20191121-1148.jar;C:\Users\paola\Desktop\Algoritmos I - Wollok\wollok-win32.win32.x86_64\plugins\org.eclipse.emf.mwe.utils_1.5.1.v20191121-1148.jar;C:\Users\paola\Desktop\Algoritmos I - Wollok\wollok-win32.win32.x86_64\plugins\org.eclipse.xtext.util_2.20.0.v20191202-0915.jar;C:\Users\paola\Desktop\Algoritmos I - Wollok\wollok-win32.win32.x86_64\plugins\com.google.guava_27.1.0.v20190517-1946.jar;C:\Users\paola\Desktop\Algoritmos I - Wollok\wollok-win32.win32.x86_64\plugins\javax.inject_1.0.0.v20091030.jar;C:\Users\paola\Desktop\Algoritmos I - Wollok\wollok-win32.win32.x86_64\plugins\org.eclipse.xtext.
Launcher Type: SUN_STANDARD

Environment Variables:
PATH=C:/Program Files/AdoptOpenJDK/jdk-8.0.265.01-hotspot/bin/../jre/bin/server;C:/Program Files/AdoptOpenJDK/jdk-8.0.265.01-hotspot/bin/../jre/bin;C:/Program Files/AdoptOpenJDK/jdk-8.0.265.01-hotspot/bin/../jre/lib/amd64;C:\Program Files\AdoptOpenJDK\jdk-8.0.265.01-hotspot\bin;C:\Windows\System32;C:\Program Files;C:\Program Files\dotnet\;C:\Ruby27-x64\bin;C:\Users\paola\AppData\Local\Programs\Python\Python37\Scripts\;C:\Users\paola\AppData\Local\Programs\Python\Python37\;C:\Ruby26-x64\bin;C:\Users\paola\AppData\Local\Microsoft\WindowsApps;C:\Users\paola\AppData\Local\Programs\Microsoft VS Code\bin;C:\Users\paola\.dotnet\tools;C:\Users\paola\Desktop\Algoritmos I - Wollok\wollok-win32.win32.x86_64;
USERNAME=paola
OS=Windows_NT
PROCESSOR_IDENTIFIER=Intel64 Family 6 Model 94 Stepping 3, GenuineIntel



---------------  S Y S T E M  ---------------

OS: Windows 10.0 , 64 bit Build 19041 (10.0.19041.292)

CPU:total 4 (initial active 4) (4 cores per cpu, 1 threads per core) family 6 model 94 stepping 3, cmov, cx8, fxsr, mmx, sse, sse2, sse3, ssse3, sse4.1, sse4.2, popcnt, avx, avx2, aes, clmul, erms, rtm, 3dnowpref, lzcnt, tsc, tscinvbit, bmi1, bmi2, adx

Memory: 4k page, physical 8258824k(1159132k free), swap 21267432k(2850012k free)

vm_info: OpenJDK 64-Bit Server VM (25.265-b01) for windows-amd64 JRE (1.8.0_265-b01), built on Jul 28 2020 15:11:27 by "jenkins" with MS VC++ 12.0 (VS2013)

time: Tue Oct 13 16:59:43 2020
timezone: Argentina Standard Time
elapsed time: 5 seconds (0d 0h 0m 5s)

